2022-05-11T10:33:01+00:00 ERROR Error getting data feed
2022-05-11T10:33:01+00:00 ERROR WP_Error Object
(
    [errors] => Array
        (
            [http_request_failed] => Array
                (
                    [0] => cURL error 28: Connection timed out after 5001 milliseconds
                )

        )

    [error_data] => Array
        (
        )

    [additional_data:protected] => Array
        (
        )

)

2022-05-11T10:33:07+00:00 ERROR Error getting data feed
2022-05-11T10:33:07+00:00 ERROR WP_Error Object
(
    [errors] => Array
        (
            [http_request_failed] => Array
                (
                    [0] => cURL error 28: Connection timed out after 5001 milliseconds
                )

        )

    [error_data] => Array
        (
        )

    [additional_data:protected] => Array
        (
        )

)

2022-05-11T10:33:18+00:00 ERROR Error getting data feed
2022-05-11T10:33:18+00:00 ERROR WP_Error Object
(
    [errors] => Array
        (
            [http_request_failed] => Array
                (
                    [0] => cURL error 28: Connection timed out after 5000 milliseconds
                )

        )

    [error_data] => Array
        (
        )

    [additional_data:protected] => Array
        (
        )

)

2022-05-11T10:33:23+00:00 ERROR Error getting data feed
2022-05-11T10:33:23+00:00 ERROR WP_Error Object
(
    [errors] => Array
        (
            [http_request_failed] => Array
                (
                    [0] => cURL error 28: Connection timed out after 5001 milliseconds
                )

        )

    [error_data] => Array
        (
        )

    [additional_data:protected] => Array
        (
        )

)

2022-05-11T10:33:28+00:00 ERROR Error getting data feed
2022-05-11T10:33:28+00:00 ERROR WP_Error Object
(
    [errors] => Array
        (
            [http_request_failed] => Array
                (
                    [0] => cURL error 28: Connection timed out after 5001 milliseconds
                )

        )

    [error_data] => Array
        (
        )

    [additional_data:protected] => Array
        (
        )

)

2022-05-11T10:34:22+00:00 ERROR Error getting data feed
2022-05-11T10:34:22+00:00 ERROR WP_Error Object
(
    [errors] => Array
        (
            [http_request_failed] => Array
                (
                    [0] => cURL error 6: Could not resolve host: woocommerce.com
                )

        )

    [error_data] => Array
        (
        )

    [additional_data:protected] => Array
        (
        )

)

2022-05-11T10:34:22+00:00 ERROR Error getting data feed
2022-05-11T10:34:22+00:00 ERROR WP_Error Object
(
    [errors] => Array
        (
            [http_request_failed] => Array
                (
                    [0] => cURL error 6: Could not resolve host: woocommerce.com
                )

        )

    [error_data] => Array
        (
        )

    [additional_data:protected] => Array
        (
        )

)

